The system is: Windows - 10.0.19041 - AMD64
Compiling the C compiler identification source file "CMakeCCompilerId.c" succeeded.
Compiler: C:/Program Files (x86)/Microsoft Visual Studio/2019/BuildTools/VC/Tools/MSVC/14.28.29333/bin/Hostx64/x64/cl.exe 
Build flags: 
Id flags:  

The output was:
0
Compilateur d'optimisation Microsoft (R) C/C++ version 19.28.29336 pour x64
Copyright (C) Microsoft Corporation. Tous droits réservés.

CMakeCCompilerId.c
Microsoft (R) Incremental Linker Version 14.28.29336.0
Copyright (C) Microsoft Corporation.  All rights reserved.

/out:CMakeCCompilerId.exe 
CMakeCCompilerId.obj 


Compilation of the C compiler identification source "CMakeCCompilerId.c" produced "CMakeCCompilerId.exe"

Compilation of the C compiler identification source "CMakeCCompilerId.c" produced "CMakeCCompilerId.obj"

The C compiler identification is MSVC, found in "C:/Users/mai_k/CLionProjects/Malloc-Fantasy/cmake-build-debug/CMakeFiles/3.17.5/CompilerIdC/CMakeCCompilerId.exe"

Determining if the C compiler works passed with the following output:
Change Dir: C:/Users/mai_k/CLionProjects/Malloc-Fantasy/cmake-build-debug/CMakeFiles/CMakeTmp

Run Build Command(s):nmake /nologo cmTC_19ebf\fast && 	"C:\Program Files (x86)\Microsoft Visual Studio\2019\BuildTools\VC\Tools\MSVC\14.28.29333\bin\HostX64\x64\nmake.exe"  -f CMakeFiles\cmTC_19ebf.dir\build.make /nologo -L                  CMakeFiles\cmTC_19ebf.dir\build
Building C object CMakeFiles/cmTC_19ebf.dir/testCCompiler.c.obj
	C:\PROGRA~2\MICROS~3\2019\BUILDT~1\VC\Tools\MSVC\1428~1.293\bin\Hostx64\x64\cl.exe @C:\Users\mai_k\AppData\Local\Temp\nmF22D.tmp
testCCompiler.c
Linking C executable cmTC_19ebf.exe
	"C:\Program Files\JetBrains\CLion 2020.3.1\bin\cmake\win\bin\cmake.exe" -E vs_link_exe --intdir=CMakeFiles\cmTC_19ebf.dir --rc=C:\PROGRA~2\WI3CF2~1\10\bin\100183~1.0\x64\rc.exe --mt=C:\PROGRA~2\WI3CF2~1\10\bin\100183~1.0\x64\mt.exe --manifests  -- C:\PROGRA~2\MICROS~3\2019\BUILDT~1\VC\Tools\MSVC\1428~1.293\bin\Hostx64\x64\link.exe /nologo @CMakeFiles\cmTC_19ebf.dir\objects1.rsp @C:\Users\mai_k\AppData\Local\Temp\nmF367.tmp



Detecting C compiler ABI info compiled with the following output:
Change Dir: C:/Users/mai_k/CLionProjects/Malloc-Fantasy/cmake-build-debug/CMakeFiles/CMakeTmp

Run Build Command(s):nmake /nologo cmTC_5d095\fast && 	"C:\Program Files (x86)\Microsoft Visual Studio\2019\BuildTools\VC\Tools\MSVC\14.28.29333\bin\HostX64\x64\nmake.exe"  -f CMakeFiles\cmTC_5d095.dir\build.make /nologo -L                  CMakeFiles\cmTC_5d095.dir\build
Building C object CMakeFiles/cmTC_5d095.dir/CMakeCCompilerABI.c.obj
	C:\PROGRA~2\MICROS~3\2019\BUILDT~1\VC\Tools\MSVC\1428~1.293\bin\Hostx64\x64\cl.exe @C:\Users\mai_k\AppData\Local\Temp\nmF46F.tmp
CMakeCCompilerABI.c
Linking C executable cmTC_5d095.exe
	"C:\Program Files\JetBrains\CLion 2020.3.1\bin\cmake\win\bin\cmake.exe" -E vs_link_exe --intdir=CMakeFiles\cmTC_5d095.dir --rc=C:\PROGRA~2\WI3CF2~1\10\bin\100183~1.0\x64\rc.exe --mt=C:\PROGRA~2\WI3CF2~1\10\bin\100183~1.0\x64\mt.exe --manifests  -- C:\PROGRA~2\MICROS~3\2019\BUILDT~1\VC\Tools\MSVC\1428~1.293\bin\Hostx64\x64\link.exe /nologo @CMakeFiles\cmTC_5d095.dir\objects1.rsp @C:\Users\mai_k\AppData\Local\Temp\nmF49F.tmp



